{"/Users/a_ng_d/DEV/figmug-utils/src/modules/case/case.ts": {"path":"/Users/a_ng_d/DEV/figmug-utils/src/modules/case/case.ts","all":false,"statementMap":{"0":{"start":{"line":1,"column":0},"end":{"line":1,"column":27}},"1":{"start":{"line":2,"column":0},"end":{"line":2,"column":16}},"2":{"start":{"line":3,"column":0},"end":{"line":3,"column":0}},"3":{"start":{"line":4,"column":0},"end":{"line":4,"column":31}},"4":{"start":{"line":5,"column":0},"end":{"line":5,"column":24}},"5":{"start":{"line":6,"column":0},"end":{"line":6,"column":3}},"6":{"start":{"line":7,"column":0},"end":{"line":7,"column":0}},"7":{"start":{"line":8,"column":0},"end":{"line":8,"column":21}},"8":{"start":{"line":9,"column":0},"end":{"line":9,"column":15}},"9":{"start":{"line":10,"column":0},"end":{"line":10,"column":20}},"10":{"start":{"line":11,"column":0},"end":{"line":11,"column":17}},"11":{"start":{"line":12,"column":0},"end":{"line":12,"column":16}},"12":{"start":{"line":13,"column":0},"end":{"line":13,"column":49}},"13":{"start":{"line":14,"column":0},"end":{"line":14,"column":0}},"14":{"start":{"line":15,"column":0},"end":{"line":15,"column":22}},"15":{"start":{"line":16,"column":0},"end":{"line":16,"column":41}},"16":{"start":{"line":17,"column":0},"end":{"line":17,"column":15}},"17":{"start":{"line":18,"column":0},"end":{"line":18,"column":20}},"18":{"start":{"line":19,"column":0},"end":{"line":19,"column":63}},"19":{"start":{"line":20,"column":0},"end":{"line":20,"column":50}},"20":{"start":{"line":21,"column":0},"end":{"line":21,"column":15}},"21":{"start":{"line":22,"column":0},"end":{"line":22,"column":0}},"22":{"start":{"line":23,"column":0},"end":{"line":23,"column":21}},"23":{"start":{"line":24,"column":0},"end":{"line":24,"column":15}},"24":{"start":{"line":25,"column":0},"end":{"line":25,"column":20}},"25":{"start":{"line":26,"column":0},"end":{"line":26,"column":17}},"26":{"start":{"line":27,"column":0},"end":{"line":27,"column":16}},"27":{"start":{"line":28,"column":0},"end":{"line":28,"column":49}},"28":{"start":{"line":29,"column":0},"end":{"line":29,"column":0}},"29":{"start":{"line":30,"column":0},"end":{"line":30,"column":21}},"30":{"start":{"line":31,"column":0},"end":{"line":31,"column":15}},"31":{"start":{"line":32,"column":0},"end":{"line":32,"column":20}},"32":{"start":{"line":33,"column":0},"end":{"line":33,"column":63}},"33":{"start":{"line":34,"column":0},"end":{"line":34,"column":50}},"34":{"start":{"line":35,"column":0},"end":{"line":35,"column":1}}},"s":{"0":1,"1":4,"2":4,"3":4,"4":4,"5":4,"6":4,"7":4,"8":1,"9":1,"10":1,"11":1,"12":1,"13":4,"14":4,"15":1,"16":1,"17":1,"18":1,"19":1,"20":1,"21":4,"22":4,"23":1,"24":1,"25":1,"26":1,"27":1,"28":4,"29":4,"30":1,"31":1,"32":1,"33":1,"34":4},"branchMap":{"0":{"type":"branch","line":1,"loc":{"start":{"line":1,"column":26},"end":{"line":35,"column":1}},"locations":[{"start":{"line":1,"column":26},"end":{"line":35,"column":1}}]},"1":{"type":"branch","line":4,"loc":{"start":{"line":4,"column":2},"end":{"line":6,"column":3}},"locations":[{"start":{"line":4,"column":2},"end":{"line":6,"column":3}}]},"2":{"type":"branch","line":8,"loc":{"start":{"line":8,"column":16},"end":{"line":13,"column":49}},"locations":[{"start":{"line":8,"column":16},"end":{"line":13,"column":49}}]},"3":{"type":"branch","line":15,"loc":{"start":{"line":15,"column":17},"end":{"line":21,"column":15}},"locations":[{"start":{"line":15,"column":17},"end":{"line":21,"column":15}}]},"4":{"type":"branch","line":19,"loc":{"start":{"line":19,"column":36},"end":{"line":19,"column":62}},"locations":[{"start":{"line":19,"column":36},"end":{"line":19,"column":62}}]},"5":{"type":"branch","line":23,"loc":{"start":{"line":23,"column":16},"end":{"line":28,"column":49}},"locations":[{"start":{"line":23,"column":16},"end":{"line":28,"column":49}}]},"6":{"type":"branch","line":30,"loc":{"start":{"line":30,"column":16},"end":{"line":34,"column":50}},"locations":[{"start":{"line":30,"column":16},"end":{"line":34,"column":50}}]},"7":{"type":"branch","line":33,"loc":{"start":{"line":33,"column":36},"end":{"line":33,"column":62}},"locations":[{"start":{"line":33,"column":36},"end":{"line":33,"column":62}}]}},"b":{"0":[4],"1":[4],"2":[1],"3":[1],"4":[6],"5":[1],"6":[1],"7":[6]},"fnMap":{"0":{"name":"<instance_members_initializer>","decl":{"start":{"line":1,"column":26},"end":{"line":35,"column":1}},"loc":{"start":{"line":1,"column":26},"end":{"line":35,"column":1}},"line":1},"1":{"name":"Case","decl":{"start":{"line":4,"column":2},"end":{"line":6,"column":3}},"loc":{"start":{"line":4,"column":2},"end":{"line":6,"column":3}},"line":4},"2":{"name":"doSnakeCase","decl":{"start":{"line":8,"column":16},"end":{"line":13,"column":49}},"loc":{"start":{"line":8,"column":16},"end":{"line":13,"column":49}},"line":8},"3":{"name":"doPascalCase","decl":{"start":{"line":15,"column":17},"end":{"line":21,"column":15}},"loc":{"start":{"line":15,"column":17},"end":{"line":21,"column":15}},"line":15},"4":{"name":"doKebabCase","decl":{"start":{"line":23,"column":16},"end":{"line":28,"column":49}},"loc":{"start":{"line":23,"column":16},"end":{"line":28,"column":49}},"line":23},"5":{"name":"doCamelCase","decl":{"start":{"line":30,"column":16},"end":{"line":34,"column":50}},"loc":{"start":{"line":30,"column":16},"end":{"line":34,"column":50}},"line":30}},"f":{"0":4,"1":4,"2":1,"3":1,"4":1,"5":1}}
,"/Users/a_ng_d/DEV/figmug-utils/src/modules/do-classnames/do-classnames.ts": {"path":"/Users/a_ng_d/DEV/figmug-utils/src/modules/do-classnames/do-classnames.ts","all":false,"statementMap":{"0":{"start":{"line":1,"column":0},"end":{"line":1,"column":79}},"1":{"start":{"line":2,"column":0},"end":{"line":2,"column":43}},"2":{"start":{"line":3,"column":0},"end":{"line":3,"column":1}},"3":{"start":{"line":4,"column":0},"end":{"line":4,"column":0}},"4":{"start":{"line":5,"column":0},"end":{"line":5,"column":27}}},"s":{"0":1,"1":5,"2":5,"3":1,"4":1},"branchMap":{"0":{"type":"branch","line":1,"loc":{"start":{"line":1,"column":21},"end":{"line":3,"column":1}},"locations":[{"start":{"line":1,"column":21},"end":{"line":3,"column":1}}]},"1":{"type":"branch","line":2,"loc":{"start":{"line":2,"column":24},"end":{"line":2,"column":32}},"locations":[{"start":{"line":2,"column":24},"end":{"line":2,"column":32}}]}},"b":{"0":[5],"1":[10]},"fnMap":{"0":{"name":"doClassnames","decl":{"start":{"line":1,"column":21},"end":{"line":3,"column":1}},"loc":{"start":{"line":1,"column":21},"end":{"line":3,"column":1}},"line":1}},"f":{"0":5}}
,"/Users/a_ng_d/DEV/figmug-utils/src/modules/do-map/do-map.ts": {"path":"/Users/a_ng_d/DEV/figmug-utils/src/modules/do-map/do-map.ts","all":false,"statementMap":{"0":{"start":{"line":1,"column":0},"end":{"line":1,"column":15}},"1":{"start":{"line":2,"column":0},"end":{"line":2,"column":16}},"2":{"start":{"line":3,"column":0},"end":{"line":3,"column":17}},"3":{"start":{"line":4,"column":0},"end":{"line":4,"column":17}},"4":{"start":{"line":5,"column":0},"end":{"line":5,"column":17}},"5":{"start":{"line":6,"column":0},"end":{"line":6,"column":16}},"6":{"start":{"line":7,"column":0},"end":{"line":7,"column":14}},"7":{"start":{"line":8,"column":0},"end":{"line":8,"column":34}},"8":{"start":{"line":9,"column":0},"end":{"line":9,"column":34}},"9":{"start":{"line":10,"column":0},"end":{"line":10,"column":0}},"10":{"start":{"line":11,"column":0},"end":{"line":11,"column":58}},"11":{"start":{"line":12,"column":0},"end":{"line":12,"column":1}},"12":{"start":{"line":13,"column":0},"end":{"line":13,"column":0}},"13":{"start":{"line":14,"column":0},"end":{"line":14,"column":20}}},"s":{"0":1,"1":1146,"2":1146,"3":1146,"4":1146,"5":1146,"6":1146,"7":1146,"8":1146,"9":1146,"10":1146,"11":1146,"12":1,"13":1},"branchMap":{"0":{"type":"branch","line":1,"loc":{"start":{"line":1,"column":14},"end":{"line":12,"column":1}},"locations":[{"start":{"line":1,"column":14},"end":{"line":12,"column":1}}]}},"b":{"0":[1146]},"fnMap":{"0":{"name":"doMap","decl":{"start":{"line":1,"column":14},"end":{"line":12,"column":1}},"loc":{"start":{"line":1,"column":14},"end":{"line":12,"column":1}},"line":1}},"f":{"0":1146}}
,"/Users/a_ng_d/DEV/figmug-utils/src/modules/do-scale/do-scale.ts": {"path":"/Users/a_ng_d/DEV/figmug-utils/src/modules/do-scale/do-scale.ts","all":false,"statementMap":{"0":{"start":{"line":1,"column":0},"end":{"line":1,"column":42}},"1":{"start":{"line":2,"column":0},"end":{"line":2,"column":42}},"2":{"start":{"line":3,"column":0},"end":{"line":3,"column":0}},"3":{"start":{"line":4,"column":0},"end":{"line":4,"column":17}},"4":{"start":{"line":5,"column":0},"end":{"line":5,"column":23}},"5":{"start":{"line":6,"column":0},"end":{"line":6,"column":14}},"6":{"start":{"line":7,"column":0},"end":{"line":7,"column":14}},"7":{"start":{"line":8,"column":0},"end":{"line":8,"column":25}},"8":{"start":{"line":9,"column":0},"end":{"line":9,"column":6}},"9":{"start":{"line":10,"column":0},"end":{"line":10,"column":11}},"10":{"start":{"line":11,"column":0},"end":{"line":11,"column":42}},"11":{"start":{"line":12,"column":0},"end":{"line":12,"column":0}},"12":{"start":{"line":13,"column":0},"end":{"line":13,"column":24}},"13":{"start":{"line":14,"column":0},"end":{"line":14,"column":18}},"14":{"start":{"line":15,"column":0},"end":{"line":15,"column":21}},"15":{"start":{"line":16,"column":0},"end":{"line":16,"column":74}},"16":{"start":{"line":17,"column":0},"end":{"line":17,"column":15}},"17":{"start":{"line":18,"column":0},"end":{"line":18,"column":31}},"18":{"start":{"line":19,"column":0},"end":{"line":19,"column":26}},"19":{"start":{"line":20,"column":0},"end":{"line":20,"column":4}},"20":{"start":{"line":21,"column":0},"end":{"line":21,"column":0}},"21":{"start":{"line":22,"column":0},"end":{"line":22,"column":14}},"22":{"start":{"line":23,"column":0},"end":{"line":23,"column":1}},"23":{"start":{"line":24,"column":0},"end":{"line":24,"column":0}},"24":{"start":{"line":25,"column":0},"end":{"line":25,"column":56}},"25":{"start":{"line":26,"column":0},"end":{"line":26,"column":61}},"26":{"start":{"line":27,"column":0},"end":{"line":27,"column":21}},"27":{"start":{"line":28,"column":0},"end":{"line":28,"column":41}},"28":{"start":{"line":29,"column":0},"end":{"line":29,"column":50}},"29":{"start":{"line":30,"column":0},"end":{"line":30,"column":26}},"30":{"start":{"line":31,"column":0},"end":{"line":31,"column":78}},"31":{"start":{"line":32,"column":0},"end":{"line":32,"column":41}},"32":{"start":{"line":33,"column":0},"end":{"line":33,"column":50}},"33":{"start":{"line":34,"column":0},"end":{"line":34,"column":26}},"34":{"start":{"line":35,"column":0},"end":{"line":35,"column":78}},"35":{"start":{"line":36,"column":0},"end":{"line":36,"column":57}},"36":{"start":{"line":37,"column":0},"end":{"line":37,"column":54}},"37":{"start":{"line":38,"column":0},"end":{"line":38,"column":61}},"38":{"start":{"line":39,"column":0},"end":{"line":39,"column":3}},"39":{"start":{"line":40,"column":0},"end":{"line":40,"column":0}},"40":{"start":{"line":41,"column":0},"end":{"line":41,"column":39}},"41":{"start":{"line":42,"column":0},"end":{"line":42,"column":1}},"42":{"start":{"line":43,"column":0},"end":{"line":43,"column":0}},"43":{"start":{"line":44,"column":0},"end":{"line":44,"column":22}}},"s":{"0":1,"1":1,"2":1,"3":1,"4":19,"5":19,"6":19,"7":19,"8":19,"9":19,"10":19,"11":19,"12":19,"13":1147,"14":1147,"15":1144,"16":3,"17":1147,"18":1147,"19":19,"20":19,"21":19,"22":19,"23":1,"24":1,"25":1144,"26":1144,"27":1144,"28":1144,"29":1144,"30":2,"31":1144,"32":1144,"33":1144,"34":5,"35":1144,"36":1144,"37":1144,"38":1144,"39":1144,"40":1144,"41":1144,"42":1,"43":1},"branchMap":{"0":{"type":"branch","line":4,"loc":{"start":{"line":4,"column":16},"end":{"line":23,"column":1}},"locations":[{"start":{"line":4,"column":16},"end":{"line":23,"column":1}}]},"1":{"type":"branch","line":13,"loc":{"start":{"line":13,"column":12},"end":{"line":20,"column":3}},"locations":[{"start":{"line":13,"column":12},"end":{"line":20,"column":3}}]},"2":{"type":"branch","line":15,"loc":{"start":{"line":15,"column":15},"end":{"line":16,"column":74}},"locations":[{"start":{"line":15,"column":15},"end":{"line":16,"column":74}}]},"3":{"type":"branch","line":16,"loc":{"start":{"line":16,"column":73},"end":{"line":17,"column":15}},"locations":[{"start":{"line":16,"column":73},"end":{"line":17,"column":15}}]},"4":{"type":"branch","line":19,"loc":{"start":{"line":19,"column":8},"end":{"line":19,"column":25}},"locations":[{"start":{"line":19,"column":8},"end":{"line":19,"column":25}}]},"5":{"type":"branch","line":19,"loc":{"start":{"line":19,"column":20},"end":{"line":19,"column":26}},"locations":[{"start":{"line":19,"column":20},"end":{"line":19,"column":26}}]},"6":{"type":"branch","line":25,"loc":{"start":{"line":25,"column":18},"end":{"line":42,"column":1}},"locations":[{"start":{"line":25,"column":18},"end":{"line":42,"column":1}}]},"7":{"type":"branch","line":41,"loc":{"start":{"line":41,"column":17},"end":{"line":41,"column":33}},"locations":[{"start":{"line":41,"column":17},"end":{"line":41,"column":33}}]},"8":{"type":"branch","line":27,"loc":{"start":{"line":27,"column":12},"end":{"line":27,"column":21}},"locations":[{"start":{"line":27,"column":12},"end":{"line":27,"column":21}}]},"9":{"type":"branch","line":28,"loc":{"start":{"line":28,"column":17},"end":{"line":28,"column":41}},"locations":[{"start":{"line":28,"column":17},"end":{"line":28,"column":41}}]},"10":{"type":"branch","line":29,"loc":{"start":{"line":29,"column":18},"end":{"line":29,"column":50}},"locations":[{"start":{"line":29,"column":18},"end":{"line":29,"column":50}}]},"11":{"type":"branch","line":30,"loc":{"start":{"line":30,"column":20},"end":{"line":31,"column":78}},"locations":[{"start":{"line":30,"column":20},"end":{"line":31,"column":78}}]},"12":{"type":"branch","line":31,"loc":{"start":{"line":31,"column":10},"end":{"line":31,"column":43}},"locations":[{"start":{"line":31,"column":10},"end":{"line":31,"column":43}}]},"13":{"type":"branch","line":31,"loc":{"start":{"line":31,"column":39},"end":{"line":31,"column":78}},"locations":[{"start":{"line":31,"column":39},"end":{"line":31,"column":78}}]},"14":{"type":"branch","line":32,"loc":{"start":{"line":32,"column":17},"end":{"line":32,"column":41}},"locations":[{"start":{"line":32,"column":17},"end":{"line":32,"column":41}}]},"15":{"type":"branch","line":33,"loc":{"start":{"line":33,"column":18},"end":{"line":33,"column":50}},"locations":[{"start":{"line":33,"column":18},"end":{"line":33,"column":50}}]},"16":{"type":"branch","line":34,"loc":{"start":{"line":34,"column":20},"end":{"line":35,"column":78}},"locations":[{"start":{"line":34,"column":20},"end":{"line":35,"column":78}}]},"17":{"type":"branch","line":35,"loc":{"start":{"line":35,"column":10},"end":{"line":35,"column":43}},"locations":[{"start":{"line":35,"column":10},"end":{"line":35,"column":43}}]},"18":{"type":"branch","line":35,"loc":{"start":{"line":35,"column":39},"end":{"line":35,"column":78}},"locations":[{"start":{"line":35,"column":39},"end":{"line":35,"column":78}}]},"19":{"type":"branch","line":36,"loc":{"start":{"line":36,"column":18},"end":{"line":36,"column":57}},"locations":[{"start":{"line":36,"column":18},"end":{"line":36,"column":57}}]},"20":{"type":"branch","line":37,"loc":{"start":{"line":37,"column":19},"end":{"line":37,"column":54}},"locations":[{"start":{"line":37,"column":19},"end":{"line":37,"column":54}}]},"21":{"type":"branch","line":38,"loc":{"start":{"line":38,"column":21},"end":{"line":38,"column":61}},"locations":[{"start":{"line":38,"column":21},"end":{"line":38,"column":61}}]}},"b":{"0":[19],"1":[1147],"2":[1144],"3":[3],"4":[47],"5":[1100],"6":[1144],"7":[0],"8":[1123],"9":[2],"10":[2],"11":[2],"12":[1],"13":[1],"14":[2],"15":[2],"16":[5],"17":[2],"18":[3],"19":[2],"20":[2],"21":[2]},"fnMap":{"0":{"name":"doScale","decl":{"start":{"line":4,"column":16},"end":{"line":23,"column":1}},"loc":{"start":{"line":4,"column":16},"end":{"line":23,"column":1}},"line":4},"1":{"name":"applyEase","decl":{"start":{"line":25,"column":18},"end":{"line":42,"column":1}},"loc":{"start":{"line":25,"column":18},"end":{"line":42,"column":1}},"line":25},"2":{"name":"LINEAR","decl":{"start":{"line":27,"column":12},"end":{"line":27,"column":21}},"loc":{"start":{"line":27,"column":12},"end":{"line":27,"column":21}},"line":27},"3":{"name":"EASEIN_SINE","decl":{"start":{"line":28,"column":17},"end":{"line":28,"column":41}},"loc":{"start":{"line":28,"column":17},"end":{"line":28,"column":41}},"line":28},"4":{"name":"EASEOUT_SINE","decl":{"start":{"line":29,"column":18},"end":{"line":29,"column":50}},"loc":{"start":{"line":29,"column":18},"end":{"line":29,"column":50}},"line":29},"5":{"name":"EASEINOUT_SINE","decl":{"start":{"line":30,"column":20},"end":{"line":31,"column":78}},"loc":{"start":{"line":30,"column":20},"end":{"line":31,"column":78}},"line":30},"6":{"name":"EASEIN_QUAD","decl":{"start":{"line":32,"column":17},"end":{"line":32,"column":41}},"loc":{"start":{"line":32,"column":17},"end":{"line":32,"column":41}},"line":32},"7":{"name":"EASEOUT_QUAD","decl":{"start":{"line":33,"column":18},"end":{"line":33,"column":50}},"loc":{"start":{"line":33,"column":18},"end":{"line":33,"column":50}},"line":33},"8":{"name":"EASEINOUT_QUAD","decl":{"start":{"line":34,"column":20},"end":{"line":35,"column":78}},"loc":{"start":{"line":34,"column":20},"end":{"line":35,"column":78}},"line":34},"9":{"name":"EASEIN_CUBIC","decl":{"start":{"line":36,"column":18},"end":{"line":36,"column":57}},"loc":{"start":{"line":36,"column":18},"end":{"line":36,"column":57}},"line":36},"10":{"name":"EASEOUT_CUBIC","decl":{"start":{"line":37,"column":19},"end":{"line":37,"column":54}},"loc":{"start":{"line":37,"column":19},"end":{"line":37,"column":54}},"line":37},"11":{"name":"EASEINOUT_CUBIC","decl":{"start":{"line":38,"column":21},"end":{"line":38,"column":61}},"loc":{"start":{"line":38,"column":21},"end":{"line":38,"column":61}},"line":38}},"f":{"0":19,"1":1144,"2":1123,"3":2,"4":2,"5":2,"6":2,"7":2,"8":5,"9":2,"10":2,"11":2}}
,"/Users/a_ng_d/DEV/figmug-utils/src/modules/feature-status/feature-status.ts": {"path":"/Users/a_ng_d/DEV/figmug-utils/src/modules/feature-status/feature-status.ts","all":false,"statementMap":{"0":{"start":{"line":1,"column":0},"end":{"line":1,"column":56}},"1":{"start":{"line":2,"column":0},"end":{"line":2,"column":0}},"2":{"start":{"line":3,"column":0},"end":{"line":3,"column":39}},"3":{"start":{"line":4,"column":0},"end":{"line":4,"column":29}},"4":{"start":{"line":5,"column":0},"end":{"line":5,"column":21}},"5":{"start":{"line":6,"column":0},"end":{"line":6,"column":24}},"6":{"start":{"line":7,"column":0},"end":{"line":7,"column":19}},"7":{"start":{"line":8,"column":0},"end":{"line":8,"column":21}},"8":{"start":{"line":9,"column":0},"end":{"line":9,"column":21}},"9":{"start":{"line":10,"column":0},"end":{"line":10,"column":16}},"10":{"start":{"line":11,"column":0},"end":{"line":11,"column":0}},"11":{"start":{"line":12,"column":0},"end":{"line":12,"column":21}},"12":{"start":{"line":13,"column":0},"end":{"line":13,"column":31}},"13":{"start":{"line":14,"column":0},"end":{"line":14,"column":23}},"14":{"start":{"line":15,"column":0},"end":{"line":15,"column":26}},"15":{"start":{"line":16,"column":0},"end":{"line":16,"column":21}},"16":{"start":{"line":17,"column":0},"end":{"line":17,"column":23}},"17":{"start":{"line":18,"column":0},"end":{"line":18,"column":6}},"18":{"start":{"line":19,"column":0},"end":{"line":19,"column":33}},"19":{"start":{"line":20,"column":0},"end":{"line":20,"column":39}},"20":{"start":{"line":21,"column":0},"end":{"line":21,"column":37}},"21":{"start":{"line":22,"column":0},"end":{"line":22,"column":45}},"22":{"start":{"line":23,"column":0},"end":{"line":23,"column":37}},"23":{"start":{"line":24,"column":0},"end":{"line":24,"column":35}},"24":{"start":{"line":25,"column":0},"end":{"line":25,"column":67}},"25":{"start":{"line":26,"column":0},"end":{"line":26,"column":3}},"26":{"start":{"line":27,"column":0},"end":{"line":27,"column":0}},"27":{"start":{"line":28,"column":0},"end":{"line":28,"column":40}},"28":{"start":{"line":29,"column":0},"end":{"line":29,"column":77}},"29":{"start":{"line":30,"column":0},"end":{"line":30,"column":3}},"30":{"start":{"line":31,"column":0},"end":{"line":31,"column":0}},"31":{"start":{"line":32,"column":0},"end":{"line":32,"column":23}},"32":{"start":{"line":33,"column":0},"end":{"line":33,"column":46}},"33":{"start":{"line":34,"column":0},"end":{"line":34,"column":36}},"34":{"start":{"line":35,"column":0},"end":{"line":35,"column":3}},"35":{"start":{"line":36,"column":0},"end":{"line":36,"column":0}},"36":{"start":{"line":37,"column":0},"end":{"line":37,"column":20}},"37":{"start":{"line":38,"column":0},"end":{"line":38,"column":47}},"38":{"start":{"line":39,"column":0},"end":{"line":39,"column":33}},"39":{"start":{"line":40,"column":0},"end":{"line":40,"column":3}},"40":{"start":{"line":41,"column":0},"end":{"line":41,"column":0}},"41":{"start":{"line":42,"column":0},"end":{"line":42,"column":20}},"42":{"start":{"line":43,"column":0},"end":{"line":43,"column":47}},"43":{"start":{"line":44,"column":0},"end":{"line":44,"column":33}},"44":{"start":{"line":45,"column":0},"end":{"line":45,"column":3}},"45":{"start":{"line":46,"column":0},"end":{"line":46,"column":0}},"46":{"start":{"line":47,"column":0},"end":{"line":47,"column":24}},"47":{"start":{"line":48,"column":0},"end":{"line":48,"column":29}},"48":{"start":{"line":49,"column":0},"end":{"line":49,"column":0}},"49":{"start":{"line":50,"column":0},"end":{"line":50,"column":40}},"50":{"start":{"line":51,"column":0},"end":{"line":51,"column":0}},"51":{"start":{"line":52,"column":0},"end":{"line":52,"column":66}},"52":{"start":{"line":53,"column":0},"end":{"line":53,"column":0}},"53":{"start":{"line":54,"column":0},"end":{"line":54,"column":63}},"54":{"start":{"line":55,"column":0},"end":{"line":55,"column":64}},"55":{"start":{"line":56,"column":0},"end":{"line":56,"column":66}},"56":{"start":{"line":57,"column":0},"end":{"line":57,"column":0}},"57":{"start":{"line":58,"column":0},"end":{"line":58,"column":15}},"58":{"start":{"line":59,"column":0},"end":{"line":59,"column":3}},"59":{"start":{"line":60,"column":0},"end":{"line":60,"column":0}},"60":{"start":{"line":61,"column":0},"end":{"line":61,"column":39}},"61":{"start":{"line":62,"column":0},"end":{"line":62,"column":29}},"62":{"start":{"line":63,"column":0},"end":{"line":63,"column":0}},"63":{"start":{"line":64,"column":0},"end":{"line":64,"column":40}},"64":{"start":{"line":65,"column":0},"end":{"line":65,"column":0}},"65":{"start":{"line":66,"column":0},"end":{"line":66,"column":66}},"66":{"start":{"line":67,"column":0},"end":{"line":67,"column":0}},"67":{"start":{"line":68,"column":0},"end":{"line":68,"column":36}},"68":{"start":{"line":69,"column":0},"end":{"line":69,"column":24}},"69":{"start":{"line":70,"column":0},"end":{"line":70,"column":43}},"70":{"start":{"line":71,"column":0},"end":{"line":71,"column":51}},"71":{"start":{"line":72,"column":0},"end":{"line":72,"column":16}},"72":{"start":{"line":73,"column":0},"end":{"line":73,"column":22}},"73":{"start":{"line":74,"column":0},"end":{"line":74,"column":9}},"74":{"start":{"line":75,"column":0},"end":{"line":75,"column":14}},"75":{"start":{"line":76,"column":0},"end":{"line":76,"column":20}},"76":{"start":{"line":77,"column":0},"end":{"line":77,"column":7}},"77":{"start":{"line":78,"column":0},"end":{"line":78,"column":12}},"78":{"start":{"line":79,"column":0},"end":{"line":79,"column":18}},"79":{"start":{"line":80,"column":0},"end":{"line":80,"column":5}},"80":{"start":{"line":81,"column":0},"end":{"line":81,"column":3}},"81":{"start":{"line":82,"column":0},"end":{"line":82,"column":0}},"82":{"start":{"line":83,"column":0},"end":{"line":83,"column":54}},"83":{"start":{"line":84,"column":0},"end":{"line":84,"column":49}},"84":{"start":{"line":85,"column":0},"end":{"line":85,"column":20}},"85":{"start":{"line":86,"column":0},"end":{"line":86,"column":3}},"86":{"start":{"line":87,"column":0},"end":{"line":87,"column":1}}},"s":{"0":1,"1":1,"2":1,"3":28,"4":28,"5":28,"6":28,"7":28,"8":28,"9":28,"10":28,"11":28,"12":28,"13":28,"14":28,"15":28,"16":28,"17":28,"18":28,"19":28,"20":28,"21":28,"22":28,"23":28,"24":28,"25":28,"26":28,"27":28,"28":28,"29":28,"30":28,"31":28,"32":2,"33":1,"34":2,"35":28,"36":28,"37":2,"38":1,"39":2,"40":28,"41":28,"42":3,"43":2,"44":3,"45":28,"46":28,"47":10,"48":10,"49":10,"50":7,"51":10,"52":5,"53":10,"54":10,"55":10,"56":1,"57":1,"58":10,"59":28,"60":28,"61":11,"62":11,"63":11,"64":10,"65":11,"66":8,"67":11,"68":7,"69":6,"70":3,"71":3,"72":3,"73":3,"74":7,"75":1,"76":1,"77":11,"78":1,"79":1,"80":11,"81":28,"82":28,"83":3,"84":2,"85":3,"86":28},"branchMap":{"0":{"type":"branch","line":3,"loc":{"start":{"line":3,"column":38},"end":{"line":87,"column":1}},"locations":[{"start":{"line":3,"column":38},"end":{"line":87,"column":1}}]},"1":{"type":"branch","line":12,"loc":{"start":{"line":12,"column":2},"end":{"line":26,"column":3}},"locations":[{"start":{"line":12,"column":2},"end":{"line":26,"column":3}}]},"2":{"type":"branch","line":25,"loc":{"start":{"line":25,"column":33},"end":{"line":25,"column":50}},"locations":[{"start":{"line":25,"column":33},"end":{"line":25,"column":50}}]},"3":{"type":"branch","line":25,"loc":{"start":{"line":25,"column":45},"end":{"line":25,"column":67}},"locations":[{"start":{"line":25,"column":45},"end":{"line":25,"column":67}}]},"4":{"type":"branch","line":28,"loc":{"start":{"line":28,"column":2},"end":{"line":30,"column":3}},"locations":[{"start":{"line":28,"column":2},"end":{"line":30,"column":3}}]},"5":{"type":"branch","line":29,"loc":{"start":{"line":29,"column":30},"end":{"line":29,"column":76}},"locations":[{"start":{"line":29,"column":30},"end":{"line":29,"column":76}}]},"6":{"type":"branch","line":32,"loc":{"start":{"line":32,"column":2},"end":{"line":35,"column":3}},"locations":[{"start":{"line":32,"column":2},"end":{"line":35,"column":3}}]},"7":{"type":"branch","line":33,"loc":{"start":{"line":33,"column":35},"end":{"line":34,"column":36}},"locations":[{"start":{"line":33,"column":35},"end":{"line":34,"column":36}}]},"8":{"type":"branch","line":37,"loc":{"start":{"line":37,"column":2},"end":{"line":40,"column":3}},"locations":[{"start":{"line":37,"column":2},"end":{"line":40,"column":3}}]},"9":{"type":"branch","line":38,"loc":{"start":{"line":38,"column":35},"end":{"line":39,"column":33}},"locations":[{"start":{"line":38,"column":35},"end":{"line":39,"column":33}}]},"10":{"type":"branch","line":42,"loc":{"start":{"line":42,"column":2},"end":{"line":45,"column":3}},"locations":[{"start":{"line":42,"column":2},"end":{"line":45,"column":3}}]},"11":{"type":"branch","line":43,"loc":{"start":{"line":43,"column":35},"end":{"line":43,"column":47}},"locations":[{"start":{"line":43,"column":35},"end":{"line":43,"column":47}}]},"12":{"type":"branch","line":43,"loc":{"start":{"line":43,"column":42},"end":{"line":44,"column":33}},"locations":[{"start":{"line":43,"column":42},"end":{"line":44,"column":33}}]},"13":{"type":"branch","line":47,"loc":{"start":{"line":47,"column":2},"end":{"line":59,"column":3}},"locations":[{"start":{"line":47,"column":2},"end":{"line":59,"column":3}}]},"14":{"type":"branch","line":50,"loc":{"start":{"line":50,"column":29},"end":{"line":50,"column":40}},"locations":[{"start":{"line":50,"column":29},"end":{"line":50,"column":40}}]},"15":{"type":"branch","line":50,"loc":{"start":{"line":50,"column":36},"end":{"line":52,"column":61}},"locations":[{"start":{"line":50,"column":36},"end":{"line":52,"column":61}}]},"16":{"type":"branch","line":52,"loc":{"start":{"line":52,"column":54},"end":{"line":52,"column":66}},"locations":[{"start":{"line":52,"column":54},"end":{"line":52,"column":66}}]},"17":{"type":"branch","line":52,"loc":{"start":{"line":52,"column":61},"end":{"line":54,"column":23}},"locations":[{"start":{"line":52,"column":61},"end":{"line":54,"column":23}}]},"18":{"type":"branch","line":54,"loc":{"start":{"line":54,"column":14},"end":{"line":54,"column":51}},"locations":[{"start":{"line":54,"column":14},"end":{"line":54,"column":51}}]},"19":{"type":"branch","line":54,"loc":{"start":{"line":54,"column":51},"end":{"line":54,"column":63}},"locations":[{"start":{"line":54,"column":51},"end":{"line":54,"column":63}}]},"20":{"type":"branch","line":54,"loc":{"start":{"line":54,"column":58},"end":{"line":55,"column":24}},"locations":[{"start":{"line":54,"column":58},"end":{"line":55,"column":24}}]},"21":{"type":"branch","line":55,"loc":{"start":{"line":55,"column":15},"end":{"line":55,"column":52}},"locations":[{"start":{"line":55,"column":15},"end":{"line":55,"column":52}}]},"22":{"type":"branch","line":55,"loc":{"start":{"line":55,"column":52},"end":{"line":55,"column":64}},"locations":[{"start":{"line":55,"column":52},"end":{"line":55,"column":64}}]},"23":{"type":"branch","line":55,"loc":{"start":{"line":55,"column":59},"end":{"line":56,"column":24}},"locations":[{"start":{"line":55,"column":59},"end":{"line":56,"column":24}}]},"24":{"type":"branch","line":56,"loc":{"start":{"line":56,"column":15},"end":{"line":56,"column":54}},"locations":[{"start":{"line":56,"column":15},"end":{"line":56,"column":54}}]},"25":{"type":"branch","line":56,"loc":{"start":{"line":56,"column":54},"end":{"line":58,"column":15}},"locations":[{"start":{"line":56,"column":54},"end":{"line":58,"column":15}}]},"26":{"type":"branch","line":61,"loc":{"start":{"line":61,"column":2},"end":{"line":81,"column":3}},"locations":[{"start":{"line":61,"column":2},"end":{"line":81,"column":3}}]},"27":{"type":"branch","line":64,"loc":{"start":{"line":64,"column":29},"end":{"line":64,"column":40}},"locations":[{"start":{"line":64,"column":29},"end":{"line":64,"column":40}}]},"28":{"type":"branch","line":64,"loc":{"start":{"line":64,"column":36},"end":{"line":66,"column":61}},"locations":[{"start":{"line":64,"column":36},"end":{"line":66,"column":61}}]},"29":{"type":"branch","line":66,"loc":{"start":{"line":66,"column":54},"end":{"line":66,"column":66}},"locations":[{"start":{"line":66,"column":54},"end":{"line":66,"column":66}}]},"30":{"type":"branch","line":66,"loc":{"start":{"line":66,"column":61},"end":{"line":68,"column":35}},"locations":[{"start":{"line":66,"column":61},"end":{"line":68,"column":35}}]},"31":{"type":"branch","line":68,"loc":{"start":{"line":68,"column":35},"end":{"line":78,"column":11}},"locations":[{"start":{"line":68,"column":35},"end":{"line":78,"column":11}}]},"32":{"type":"branch","line":69,"loc":{"start":{"line":69,"column":23},"end":{"line":75,"column":13}},"locations":[{"start":{"line":69,"column":23},"end":{"line":75,"column":13}}]},"33":{"type":"branch","line":70,"loc":{"start":{"line":70,"column":42},"end":{"line":74,"column":9}},"locations":[{"start":{"line":70,"column":42},"end":{"line":74,"column":9}}]},"34":{"type":"branch","line":75,"loc":{"start":{"line":75,"column":6},"end":{"line":77,"column":7}},"locations":[{"start":{"line":75,"column":6},"end":{"line":77,"column":7}}]},"35":{"type":"branch","line":78,"loc":{"start":{"line":78,"column":4},"end":{"line":80,"column":5}},"locations":[{"start":{"line":78,"column":4},"end":{"line":80,"column":5}}]},"36":{"type":"branch","line":83,"loc":{"start":{"line":83,"column":2},"end":{"line":86,"column":3}},"locations":[{"start":{"line":83,"column":2},"end":{"line":86,"column":3}}]},"37":{"type":"branch","line":84,"loc":{"start":{"line":84,"column":27},"end":{"line":84,"column":49}},"locations":[{"start":{"line":84,"column":27},"end":{"line":84,"column":49}}]},"38":{"type":"branch","line":84,"loc":{"start":{"line":84,"column":39},"end":{"line":85,"column":20}},"locations":[{"start":{"line":84,"column":39},"end":{"line":85,"column":20}}]}},"b":{"0":[28],"1":[28],"2":[7],"3":[21],"4":[28],"5":[77],"6":[2],"7":[1],"8":[2],"9":[1],"10":[3],"11":[1],"12":[2],"13":[10],"14":[3],"15":[7],"16":[2],"17":[5],"18":[3],"19":[2],"20":[3],"21":[2],"22":[1],"23":[2],"24":[1],"25":[1],"26":[11],"27":[1],"28":[10],"29":[2],"30":[8],"31":[7],"32":[6],"33":[3],"34":[1],"35":[1],"36":[3],"37":[1],"38":[2]},"fnMap":{"0":{"name":"<instance_members_initializer>","decl":{"start":{"line":3,"column":38},"end":{"line":87,"column":1}},"loc":{"start":{"line":3,"column":38},"end":{"line":87,"column":1}},"line":3},"1":{"name":"FeatureStatus","decl":{"start":{"line":12,"column":2},"end":{"line":26,"column":3}},"loc":{"start":{"line":12,"column":2},"end":{"line":26,"column":3}},"line":12},"2":{"name":"getFeature","decl":{"start":{"line":28,"column":2},"end":{"line":30,"column":3}},"loc":{"start":{"line":28,"column":2},"end":{"line":30,"column":3}},"line":28},"3":{"name":"isActive","decl":{"start":{"line":32,"column":2},"end":{"line":35,"column":3}},"loc":{"start":{"line":32,"column":2},"end":{"line":35,"column":3}},"line":32},"4":{"name":"isPro","decl":{"start":{"line":37,"column":2},"end":{"line":40,"column":3}},"loc":{"start":{"line":37,"column":2},"end":{"line":40,"column":3}},"line":37},"5":{"name":"isNew","decl":{"start":{"line":42,"column":2},"end":{"line":45,"column":3}},"loc":{"start":{"line":42,"column":2},"end":{"line":45,"column":3}},"line":42},"6":{"name":"isBlocked","decl":{"start":{"line":47,"column":2},"end":{"line":59,"column":3}},"loc":{"start":{"line":47,"column":2},"end":{"line":59,"column":3}},"line":47},"7":{"name":"isReached","decl":{"start":{"line":61,"column":2},"end":{"line":81,"column":3}},"loc":{"start":{"line":61,"column":2},"end":{"line":81,"column":3}},"line":61},"8":{"name":"isAvailableAndBlocked","decl":{"start":{"line":83,"column":2},"end":{"line":86,"column":3}},"loc":{"start":{"line":83,"column":2},"end":{"line":86,"column":3}},"line":83}},"f":{"0":28,"1":28,"2":28,"3":2,"4":2,"5":3,"6":10,"7":11,"8":3}}
}
