{"/Users/a_ng_d/DEV/figmug-utils/src/modules/case/case.ts": {"path":"/Users/a_ng_d/DEV/figmug-utils/src/modules/case/case.ts","all":false,"statementMap":{"0":{"start":{"line":1,"column":0},"end":{"line":1,"column":19}},"1":{"start":{"line":2,"column":0},"end":{"line":2,"column":16}},"2":{"start":{"line":3,"column":0},"end":{"line":3,"column":0}},"3":{"start":{"line":4,"column":0},"end":{"line":4,"column":31}},"4":{"start":{"line":5,"column":0},"end":{"line":5,"column":24}},"5":{"start":{"line":6,"column":0},"end":{"line":6,"column":3}},"6":{"start":{"line":7,"column":0},"end":{"line":7,"column":0}},"7":{"start":{"line":8,"column":0},"end":{"line":8,"column":21}},"8":{"start":{"line":9,"column":0},"end":{"line":9,"column":15}},"9":{"start":{"line":10,"column":0},"end":{"line":10,"column":20}},"10":{"start":{"line":11,"column":0},"end":{"line":11,"column":17}},"11":{"start":{"line":12,"column":0},"end":{"line":12,"column":16}},"12":{"start":{"line":13,"column":0},"end":{"line":13,"column":48}},"13":{"start":{"line":14,"column":0},"end":{"line":14,"column":0}},"14":{"start":{"line":15,"column":0},"end":{"line":15,"column":22}},"15":{"start":{"line":16,"column":0},"end":{"line":16,"column":41}},"16":{"start":{"line":17,"column":0},"end":{"line":17,"column":15}},"17":{"start":{"line":18,"column":0},"end":{"line":18,"column":20}},"18":{"start":{"line":19,"column":0},"end":{"line":19,"column":63}},"19":{"start":{"line":20,"column":0},"end":{"line":20,"column":49}},"20":{"start":{"line":21,"column":0},"end":{"line":21,"column":15}},"21":{"start":{"line":22,"column":0},"end":{"line":22,"column":0}},"22":{"start":{"line":23,"column":0},"end":{"line":23,"column":21}},"23":{"start":{"line":24,"column":0},"end":{"line":24,"column":15}},"24":{"start":{"line":25,"column":0},"end":{"line":25,"column":20}},"25":{"start":{"line":26,"column":0},"end":{"line":26,"column":17}},"26":{"start":{"line":27,"column":0},"end":{"line":27,"column":16}},"27":{"start":{"line":28,"column":0},"end":{"line":28,"column":48}},"28":{"start":{"line":29,"column":0},"end":{"line":29,"column":0}},"29":{"start":{"line":30,"column":0},"end":{"line":30,"column":21}},"30":{"start":{"line":31,"column":0},"end":{"line":31,"column":15}},"31":{"start":{"line":32,"column":0},"end":{"line":32,"column":20}},"32":{"start":{"line":33,"column":0},"end":{"line":33,"column":63}},"33":{"start":{"line":34,"column":0},"end":{"line":34,"column":49}},"34":{"start":{"line":35,"column":0},"end":{"line":35,"column":1}}},"s":{"0":1,"1":4,"2":4,"3":4,"4":4,"5":4,"6":4,"7":4,"8":1,"9":1,"10":1,"11":1,"12":1,"13":4,"14":4,"15":1,"16":1,"17":1,"18":1,"19":1,"20":1,"21":4,"22":4,"23":1,"24":1,"25":1,"26":1,"27":1,"28":4,"29":4,"30":1,"31":1,"32":1,"33":1,"34":4},"branchMap":{"0":{"type":"branch","line":1,"loc":{"start":{"line":1,"column":18},"end":{"line":35,"column":1}},"locations":[{"start":{"line":1,"column":18},"end":{"line":35,"column":1}}]},"1":{"type":"branch","line":4,"loc":{"start":{"line":4,"column":2},"end":{"line":6,"column":3}},"locations":[{"start":{"line":4,"column":2},"end":{"line":6,"column":3}}]},"2":{"type":"branch","line":8,"loc":{"start":{"line":8,"column":16},"end":{"line":13,"column":48}},"locations":[{"start":{"line":8,"column":16},"end":{"line":13,"column":48}}]},"3":{"type":"branch","line":15,"loc":{"start":{"line":15,"column":17},"end":{"line":21,"column":15}},"locations":[{"start":{"line":15,"column":17},"end":{"line":21,"column":15}}]},"4":{"type":"branch","line":19,"loc":{"start":{"line":19,"column":36},"end":{"line":19,"column":62}},"locations":[{"start":{"line":19,"column":36},"end":{"line":19,"column":62}}]},"5":{"type":"branch","line":23,"loc":{"start":{"line":23,"column":16},"end":{"line":28,"column":48}},"locations":[{"start":{"line":23,"column":16},"end":{"line":28,"column":48}}]},"6":{"type":"branch","line":30,"loc":{"start":{"line":30,"column":16},"end":{"line":34,"column":49}},"locations":[{"start":{"line":30,"column":16},"end":{"line":34,"column":49}}]},"7":{"type":"branch","line":33,"loc":{"start":{"line":33,"column":36},"end":{"line":33,"column":62}},"locations":[{"start":{"line":33,"column":36},"end":{"line":33,"column":62}}]}},"b":{"0":[4],"1":[4],"2":[1],"3":[1],"4":[6],"5":[1],"6":[1],"7":[6]},"fnMap":{"0":{"name":"<instance_members_initializer>","decl":{"start":{"line":1,"column":18},"end":{"line":35,"column":1}},"loc":{"start":{"line":1,"column":18},"end":{"line":35,"column":1}},"line":1},"1":{"name":"Case","decl":{"start":{"line":4,"column":2},"end":{"line":6,"column":3}},"loc":{"start":{"line":4,"column":2},"end":{"line":6,"column":3}},"line":4},"2":{"name":"doSnakeCase","decl":{"start":{"line":8,"column":16},"end":{"line":13,"column":48}},"loc":{"start":{"line":8,"column":16},"end":{"line":13,"column":48}},"line":8},"3":{"name":"doPascalCase","decl":{"start":{"line":15,"column":17},"end":{"line":21,"column":15}},"loc":{"start":{"line":15,"column":17},"end":{"line":21,"column":15}},"line":15},"4":{"name":"doKebabCase","decl":{"start":{"line":23,"column":16},"end":{"line":28,"column":48}},"loc":{"start":{"line":23,"column":16},"end":{"line":28,"column":48}},"line":23},"5":{"name":"doCamelCase","decl":{"start":{"line":30,"column":16},"end":{"line":34,"column":49}},"loc":{"start":{"line":30,"column":16},"end":{"line":34,"column":49}},"line":30}},"f":{"0":4,"1":4,"2":1,"3":1,"4":1,"5":1}}
,"/Users/a_ng_d/DEV/figmug-utils/src/modules/do-map/do-map.ts": {"path":"/Users/a_ng_d/DEV/figmug-utils/src/modules/do-map/do-map.ts","all":false,"statementMap":{"0":{"start":{"line":1,"column":0},"end":{"line":1,"column":22}},"1":{"start":{"line":2,"column":0},"end":{"line":2,"column":16}},"2":{"start":{"line":3,"column":0},"end":{"line":3,"column":17}},"3":{"start":{"line":4,"column":0},"end":{"line":4,"column":17}},"4":{"start":{"line":5,"column":0},"end":{"line":5,"column":17}},"5":{"start":{"line":6,"column":0},"end":{"line":6,"column":16}},"6":{"start":{"line":7,"column":0},"end":{"line":7,"column":14}},"7":{"start":{"line":8,"column":0},"end":{"line":8,"column":34}},"8":{"start":{"line":9,"column":0},"end":{"line":9,"column":34}},"9":{"start":{"line":10,"column":0},"end":{"line":10,"column":0}},"10":{"start":{"line":11,"column":0},"end":{"line":11,"column":58}},"11":{"start":{"line":12,"column":0},"end":{"line":12,"column":1}}},"s":{"0":1,"1":2,"2":2,"3":2,"4":2,"5":2,"6":2,"7":2,"8":2,"9":2,"10":2,"11":2},"branchMap":{"0":{"type":"branch","line":1,"loc":{"start":{"line":1,"column":21},"end":{"line":12,"column":1}},"locations":[{"start":{"line":1,"column":21},"end":{"line":12,"column":1}}]}},"b":{"0":[2]},"fnMap":{"0":{"name":"doMap","decl":{"start":{"line":1,"column":21},"end":{"line":12,"column":1}},"loc":{"start":{"line":1,"column":21},"end":{"line":12,"column":1}},"line":1}},"f":{"0":2}}
,"/Users/a_ng_d/DEV/figmug-utils/src/modules/feature-status/feature-status.ts": {"path":"/Users/a_ng_d/DEV/figmug-utils/src/modules/feature-status/feature-status.ts","all":false,"statementMap":{"0":{"start":{"line":1,"column":0},"end":{"line":1,"column":61}},"1":{"start":{"line":2,"column":0},"end":{"line":2,"column":0}},"2":{"start":{"line":3,"column":0},"end":{"line":3,"column":31}},"3":{"start":{"line":4,"column":0},"end":{"line":4,"column":29}},"4":{"start":{"line":5,"column":0},"end":{"line":5,"column":21}},"5":{"start":{"line":6,"column":0},"end":{"line":6,"column":24}},"6":{"start":{"line":7,"column":0},"end":{"line":7,"column":21}},"7":{"start":{"line":8,"column":0},"end":{"line":8,"column":32}},"8":{"start":{"line":9,"column":0},"end":{"line":9,"column":0}},"9":{"start":{"line":10,"column":0},"end":{"line":10,"column":21}},"10":{"start":{"line":11,"column":0},"end":{"line":11,"column":31}},"11":{"start":{"line":12,"column":0},"end":{"line":12,"column":23}},"12":{"start":{"line":13,"column":0},"end":{"line":13,"column":26}},"13":{"start":{"line":14,"column":0},"end":{"line":14,"column":23}},"14":{"start":{"line":15,"column":0},"end":{"line":15,"column":6}},"15":{"start":{"line":16,"column":0},"end":{"line":16,"column":33}},"16":{"start":{"line":17,"column":0},"end":{"line":17,"column":39}},"17":{"start":{"line":18,"column":0},"end":{"line":18,"column":37}},"18":{"start":{"line":19,"column":0},"end":{"line":19,"column":37}},"19":{"start":{"line":20,"column":0},"end":{"line":20,"column":35}},"20":{"start":{"line":21,"column":0},"end":{"line":21,"column":3}},"21":{"start":{"line":22,"column":0},"end":{"line":22,"column":0}},"22":{"start":{"line":23,"column":0},"end":{"line":23,"column":40}},"23":{"start":{"line":24,"column":0},"end":{"line":24,"column":77}},"24":{"start":{"line":25,"column":0},"end":{"line":25,"column":3}},"25":{"start":{"line":26,"column":0},"end":{"line":26,"column":0}},"26":{"start":{"line":27,"column":0},"end":{"line":27,"column":23}},"27":{"start":{"line":28,"column":0},"end":{"line":28,"column":40}},"28":{"start":{"line":29,"column":0},"end":{"line":29,"column":3}},"29":{"start":{"line":30,"column":0},"end":{"line":30,"column":0}},"30":{"start":{"line":31,"column":0},"end":{"line":31,"column":20}},"31":{"start":{"line":32,"column":0},"end":{"line":32,"column":38}},"32":{"start":{"line":33,"column":0},"end":{"line":33,"column":3}},"33":{"start":{"line":34,"column":0},"end":{"line":34,"column":0}},"34":{"start":{"line":35,"column":0},"end":{"line":35,"column":20}},"35":{"start":{"line":36,"column":0},"end":{"line":36,"column":38}},"36":{"start":{"line":37,"column":0},"end":{"line":37,"column":3}},"37":{"start":{"line":38,"column":0},"end":{"line":38,"column":0}},"38":{"start":{"line":39,"column":0},"end":{"line":39,"column":24}},"39":{"start":{"line":40,"column":0},"end":{"line":40,"column":29}},"40":{"start":{"line":41,"column":0},"end":{"line":41,"column":0}},"41":{"start":{"line":42,"column":0},"end":{"line":42,"column":28}},"42":{"start":{"line":43,"column":0},"end":{"line":43,"column":65}},"43":{"start":{"line":44,"column":0},"end":{"line":44,"column":71}},"44":{"start":{"line":45,"column":0},"end":{"line":45,"column":73}},"45":{"start":{"line":46,"column":0},"end":{"line":46,"column":22}},"46":{"start":{"line":47,"column":0},"end":{"line":47,"column":20}},"47":{"start":{"line":48,"column":0},"end":{"line":48,"column":3}},"48":{"start":{"line":49,"column":0},"end":{"line":49,"column":0}},"49":{"start":{"line":50,"column":0},"end":{"line":50,"column":39}},"50":{"start":{"line":51,"column":0},"end":{"line":51,"column":29}},"51":{"start":{"line":52,"column":0},"end":{"line":52,"column":0}},"52":{"start":{"line":53,"column":0},"end":{"line":53,"column":59}},"53":{"start":{"line":54,"column":0},"end":{"line":54,"column":75}},"54":{"start":{"line":55,"column":0},"end":{"line":55,"column":68}},"55":{"start":{"line":56,"column":0},"end":{"line":56,"column":20}},"56":{"start":{"line":57,"column":0},"end":{"line":57,"column":69}},"57":{"start":{"line":58,"column":0},"end":{"line":58,"column":20}},"58":{"start":{"line":59,"column":0},"end":{"line":59,"column":22}},"59":{"start":{"line":60,"column":0},"end":{"line":60,"column":77}},"60":{"start":{"line":61,"column":0},"end":{"line":61,"column":20}},"61":{"start":{"line":62,"column":0},"end":{"line":62,"column":3}},"62":{"start":{"line":63,"column":0},"end":{"line":63,"column":0}},"63":{"start":{"line":64,"column":0},"end":{"line":64,"column":54}},"64":{"start":{"line":65,"column":0},"end":{"line":65,"column":49}},"65":{"start":{"line":66,"column":0},"end":{"line":66,"column":20}},"66":{"start":{"line":67,"column":0},"end":{"line":67,"column":3}},"67":{"start":{"line":68,"column":0},"end":{"line":68,"column":1}}},"s":{"0":1,"1":1,"2":1,"3":21,"4":21,"5":21,"6":21,"7":21,"8":21,"9":21,"10":21,"11":21,"12":21,"13":21,"14":21,"15":21,"16":21,"17":21,"18":21,"19":21,"20":21,"21":21,"22":21,"23":21,"24":21,"25":21,"26":21,"27":2,"28":2,"29":21,"30":21,"31":2,"32":2,"33":21,"34":21,"35":3,"36":3,"37":21,"38":21,"39":8,"40":8,"41":8,"42":8,"43":3,"44":2,"45":1,"46":3,"47":8,"48":21,"49":21,"50":6,"51":6,"52":6,"53":4,"54":3,"55":3,"56":2,"57":2,"58":1,"59":6,"60":1,"61":6,"62":21,"63":21,"64":3,"65":2,"66":3,"67":21},"branchMap":{"0":{"type":"branch","line":3,"loc":{"start":{"line":3,"column":30},"end":{"line":68,"column":1}},"locations":[{"start":{"line":3,"column":30},"end":{"line":68,"column":1}}]},"1":{"type":"branch","line":10,"loc":{"start":{"line":10,"column":2},"end":{"line":21,"column":3}},"locations":[{"start":{"line":10,"column":2},"end":{"line":21,"column":3}}]},"2":{"type":"branch","line":23,"loc":{"start":{"line":23,"column":2},"end":{"line":25,"column":3}},"locations":[{"start":{"line":23,"column":2},"end":{"line":25,"column":3}}]},"3":{"type":"branch","line":24,"loc":{"start":{"line":24,"column":30},"end":{"line":24,"column":76}},"locations":[{"start":{"line":24,"column":30},"end":{"line":24,"column":76}}]},"4":{"type":"branch","line":27,"loc":{"start":{"line":27,"column":2},"end":{"line":29,"column":3}},"locations":[{"start":{"line":27,"column":2},"end":{"line":29,"column":3}}]},"5":{"type":"branch","line":28,"loc":{"start":{"line":28,"column":16},"end":{"line":28,"column":36}},"locations":[{"start":{"line":28,"column":16},"end":{"line":28,"column":36}}]},"6":{"type":"branch","line":28,"loc":{"start":{"line":28,"column":24},"end":{"line":28,"column":40}},"locations":[{"start":{"line":28,"column":24},"end":{"line":28,"column":40}}]},"7":{"type":"branch","line":31,"loc":{"start":{"line":31,"column":2},"end":{"line":33,"column":3}},"locations":[{"start":{"line":31,"column":2},"end":{"line":33,"column":3}}]},"8":{"type":"branch","line":32,"loc":{"start":{"line":32,"column":16},"end":{"line":32,"column":33}},"locations":[{"start":{"line":32,"column":16},"end":{"line":32,"column":33}}]},"9":{"type":"branch","line":32,"loc":{"start":{"line":32,"column":24},"end":{"line":32,"column":38}},"locations":[{"start":{"line":32,"column":24},"end":{"line":32,"column":38}}]},"10":{"type":"branch","line":35,"loc":{"start":{"line":35,"column":2},"end":{"line":37,"column":3}},"locations":[{"start":{"line":35,"column":2},"end":{"line":37,"column":3}}]},"11":{"type":"branch","line":36,"loc":{"start":{"line":36,"column":16},"end":{"line":36,"column":33}},"locations":[{"start":{"line":36,"column":16},"end":{"line":36,"column":33}}]},"12":{"type":"branch","line":36,"loc":{"start":{"line":36,"column":24},"end":{"line":36,"column":38}},"locations":[{"start":{"line":36,"column":24},"end":{"line":36,"column":38}}]},"13":{"type":"branch","line":39,"loc":{"start":{"line":39,"column":2},"end":{"line":48,"column":3}},"locations":[{"start":{"line":39,"column":2},"end":{"line":48,"column":3}}]},"14":{"type":"branch","line":43,"loc":{"start":{"line":43,"column":6},"end":{"line":46,"column":22}},"locations":[{"start":{"line":43,"column":6},"end":{"line":46,"column":22}}]},"15":{"type":"branch","line":43,"loc":{"start":{"line":43,"column":16},"end":{"line":43,"column":53}},"locations":[{"start":{"line":43,"column":16},"end":{"line":43,"column":53}}]},"16":{"type":"branch","line":43,"loc":{"start":{"line":43,"column":53},"end":{"line":43,"column":65}},"locations":[{"start":{"line":43,"column":53},"end":{"line":43,"column":65}}]},"17":{"type":"branch","line":43,"loc":{"start":{"line":43,"column":60},"end":{"line":46,"column":22}},"locations":[{"start":{"line":43,"column":60},"end":{"line":46,"column":22}}]},"18":{"type":"branch","line":44,"loc":{"start":{"line":44,"column":22},"end":{"line":44,"column":59}},"locations":[{"start":{"line":44,"column":22},"end":{"line":44,"column":59}}]},"19":{"type":"branch","line":44,"loc":{"start":{"line":44,"column":59},"end":{"line":44,"column":71}},"locations":[{"start":{"line":44,"column":59},"end":{"line":44,"column":71}}]},"20":{"type":"branch","line":44,"loc":{"start":{"line":44,"column":66},"end":{"line":46,"column":22}},"locations":[{"start":{"line":44,"column":66},"end":{"line":46,"column":22}}]},"21":{"type":"branch","line":45,"loc":{"start":{"line":45,"column":22},"end":{"line":45,"column":61}},"locations":[{"start":{"line":45,"column":22},"end":{"line":45,"column":61}}]},"22":{"type":"branch","line":45,"loc":{"start":{"line":45,"column":61},"end":{"line":46,"column":22}},"locations":[{"start":{"line":45,"column":61},"end":{"line":46,"column":22}}]},"23":{"type":"branch","line":46,"loc":{"start":{"line":46,"column":18},"end":{"line":47,"column":20}},"locations":[{"start":{"line":46,"column":18},"end":{"line":47,"column":20}}]},"24":{"type":"branch","line":50,"loc":{"start":{"line":50,"column":2},"end":{"line":62,"column":3}},"locations":[{"start":{"line":50,"column":2},"end":{"line":62,"column":3}}]},"25":{"type":"branch","line":53,"loc":{"start":{"line":53,"column":18},"end":{"line":53,"column":58}},"locations":[{"start":{"line":53,"column":18},"end":{"line":53,"column":58}}]},"26":{"type":"branch","line":53,"loc":{"start":{"line":53,"column":58},"end":{"line":60,"column":15}},"locations":[{"start":{"line":53,"column":58},"end":{"line":60,"column":15}}]},"27":{"type":"branch","line":54,"loc":{"start":{"line":54,"column":26},"end":{"line":54,"column":63}},"locations":[{"start":{"line":54,"column":26},"end":{"line":54,"column":63}}]},"28":{"type":"branch","line":54,"loc":{"start":{"line":54,"column":63},"end":{"line":54,"column":75}},"locations":[{"start":{"line":54,"column":63},"end":{"line":54,"column":75}}]},"29":{"type":"branch","line":54,"loc":{"start":{"line":54,"column":70},"end":{"line":59,"column":22}},"locations":[{"start":{"line":54,"column":70},"end":{"line":59,"column":22}}]},"30":{"type":"branch","line":56,"loc":{"start":{"line":56,"column":8},"end":{"line":56,"column":20}},"locations":[{"start":{"line":56,"column":8},"end":{"line":56,"column":20}}]},"31":{"type":"branch","line":56,"loc":{"start":{"line":56,"column":15},"end":{"line":59,"column":22}},"locations":[{"start":{"line":56,"column":15},"end":{"line":59,"column":22}}]},"32":{"type":"branch","line":57,"loc":{"start":{"line":57,"column":31},"end":{"line":57,"column":69}},"locations":[{"start":{"line":57,"column":31},"end":{"line":57,"column":69}}]},"33":{"type":"branch","line":58,"loc":{"start":{"line":58,"column":8},"end":{"line":59,"column":22}},"locations":[{"start":{"line":58,"column":8},"end":{"line":59,"column":22}}]},"34":{"type":"branch","line":60,"loc":{"start":{"line":60,"column":4},"end":{"line":61,"column":20}},"locations":[{"start":{"line":60,"column":4},"end":{"line":61,"column":20}}]},"35":{"type":"branch","line":60,"loc":{"start":{"line":60,"column":25},"end":{"line":60,"column":65}},"locations":[{"start":{"line":60,"column":25},"end":{"line":60,"column":65}}]},"36":{"type":"branch","line":60,"loc":{"start":{"line":60,"column":65},"end":{"line":61,"column":20}},"locations":[{"start":{"line":60,"column":65},"end":{"line":61,"column":20}}]},"37":{"type":"branch","line":64,"loc":{"start":{"line":64,"column":2},"end":{"line":67,"column":3}},"locations":[{"start":{"line":64,"column":2},"end":{"line":67,"column":3}}]},"38":{"type":"branch","line":65,"loc":{"start":{"line":65,"column":27},"end":{"line":65,"column":49}},"locations":[{"start":{"line":65,"column":27},"end":{"line":65,"column":49}}]},"39":{"type":"branch","line":65,"loc":{"start":{"line":65,"column":39},"end":{"line":66,"column":20}},"locations":[{"start":{"line":65,"column":39},"end":{"line":66,"column":20}}]}},"b":{"0":[21],"1":[21],"2":[21],"3":[63],"4":[2],"5":[1],"6":[1],"7":[2],"8":[1],"9":[1],"10":[3],"11":[2],"12":[1],"13":[8],"14":[5],"15":[3],"16":[2],"17":[3],"18":[2],"19":[1],"20":[2],"21":[1],"22":[1],"23":[3],"24":[6],"25":[5],"26":[4],"27":[1],"28":[1],"29":[3],"30":[1],"31":[2],"32":[1],"33":[1],"34":[2],"35":[1],"36":[1],"37":[3],"38":[1],"39":[2]},"fnMap":{"0":{"name":"<instance_members_initializer>","decl":{"start":{"line":3,"column":30},"end":{"line":68,"column":1}},"loc":{"start":{"line":3,"column":30},"end":{"line":68,"column":1}},"line":3},"1":{"name":"FeatureStatus","decl":{"start":{"line":10,"column":2},"end":{"line":21,"column":3}},"loc":{"start":{"line":10,"column":2},"end":{"line":21,"column":3}},"line":10},"2":{"name":"getFeature","decl":{"start":{"line":23,"column":2},"end":{"line":25,"column":3}},"loc":{"start":{"line":23,"column":2},"end":{"line":25,"column":3}},"line":23},"3":{"name":"isActive","decl":{"start":{"line":27,"column":2},"end":{"line":29,"column":3}},"loc":{"start":{"line":27,"column":2},"end":{"line":29,"column":3}},"line":27},"4":{"name":"isPro","decl":{"start":{"line":31,"column":2},"end":{"line":33,"column":3}},"loc":{"start":{"line":31,"column":2},"end":{"line":33,"column":3}},"line":31},"5":{"name":"isNew","decl":{"start":{"line":35,"column":2},"end":{"line":37,"column":3}},"loc":{"start":{"line":35,"column":2},"end":{"line":37,"column":3}},"line":35},"6":{"name":"isBlocked","decl":{"start":{"line":39,"column":2},"end":{"line":48,"column":3}},"loc":{"start":{"line":39,"column":2},"end":{"line":48,"column":3}},"line":39},"7":{"name":"isReached","decl":{"start":{"line":50,"column":2},"end":{"line":62,"column":3}},"loc":{"start":{"line":50,"column":2},"end":{"line":62,"column":3}},"line":50},"8":{"name":"isAvailableAndBlocked","decl":{"start":{"line":64,"column":2},"end":{"line":67,"column":3}},"loc":{"start":{"line":64,"column":2},"end":{"line":67,"column":3}},"line":64}},"f":{"0":21,"1":21,"2":21,"3":2,"4":2,"5":3,"6":8,"7":6,"8":3}}
}
